Turn: 2
Player 1 Score: 0
Player 1 Capacity: 0
Player 2 Score: 0
Player 2 Capacity: 0
Board:
_ 3 _ _ _ _ _ _ _ _ _ _ _ _ _ 
_ _ _ _ _ _ _ _ _ _ _ _ _ _ _ 
_ _ _ _ _ _ _ _ _ _ _ _ _ _ _ 
_ _ _ _ _ _ _ _ _ _ _ _ _ _ _ 
_ _ _ _ _ _ _ _ _ _ _ _ _ _ _ 
_ _ _ 1 _ _ _ _ _ _ _ _ _ _ _ 
_ _ _ _ _ _ _ _ _ _ _ _ _ _ _ 
A _ _ _ 2 _ _ _ _ _ _ _ _ _ B 
_ _ _ _ _ _ _ _ _ _ _ _ _ _ _ 
_ _ _ _ _ _ 1 _ _ _ _ _ _ _ _ 
_ _ _ _ _ _ _ _ _ _ _ _ _ _ _ 
_ _ _ _ _ _ _ 1 _ _ _ _ _ _ _ 
_ 1 _ _ _ _ _ _ _ _ _ _ _ _ _ 
_ _ _ _ _ _ _ _ _ _ _ _ _ _ _ 
_ _ _ _ 2 _ _ _ _ 1 _ _ _ _ _ 

Turn: 3
Player 1 Score: 0
Player 1 Capacity: 0
Player 2 Score: 0
Player 2 Capacity: 0
Board:
_ 3 _ _ _ _ _ _ _ _ _ _ _ _ _ 
_ _ _ _ _ _ _ _ _ _ _ _ _ _ _ 
_ _ _ _ _ _ _ _ _ _ _ _ _ _ _ 
_ _ _ _ _ _ _ _ _ _ _ _ _ _ _ 
_ _ _ _ _ _ _ _ _ _ _ _ _ _ _ 
_ _ _ 1 _ _ _ _ _ _ _ _ _ _ _ 
A _ _ _ _ _ _ _ _ _ _ _ _ _ _ 
_ _ _ _ 2 _ _ _ _ _ _ _ _ _ B 
_ _ _ _ _ _ _ _ _ _ _ _ _ _ _ 
_ _ _ _ _ _ 1 _ _ _ _ _ _ _ _ 
_ _ _ _ _ _ _ _ _ _ _ _ _ _ _ 
_ _ _ _ _ _ _ 1 _ _ _ _ _ _ _ 
_ 1 _ _ _ _ _ _ _ _ _ _ _ _ _ 
_ _ _ _ _ _ _ _ _ _ _ _ _ _ _ 
_ _ _ _ 2 _ _ _ _ 1 _ _ _ _ _ 

Turn: 4
Player 1 Score: 0
Player 1 Capacity: 0
Player 2 Score: 0
Player 2 Capacity: 0
Board:
_ 3 _ _ _ _ _ _ _ _ _ _ _ _ _ 
_ _ _ _ _ _ _ _ _ _ _ _ _ _ _ 
_ _ _ _ _ _ _ _ _ _ _ _ _ _ _ 
_ _ _ _ _ _ _ _ _ _ _ _ _ _ _ 
_ _ _ _ _ _ _ _ _ _ _ _ _ _ _ 
_ _ _ 1 _ _ _ _ _ _ _ _ _ _ _ 
A _ _ _ _ _ _ _ _ _ _ _ _ B _ 
_ _ _ _ 2 _ _ _ _ _ _ _ _ _ _ 
_ _ _ _ _ _ _ _ _ _ _ _ _ _ _ 
_ _ _ _ _ _ 1 _ _ _ _ _ _ _ _ 
_ _ _ _ _ _ _ _ _ _ _ _ _ _ _ 
_ _ _ _ _ _ _ 1 _ _ _ _ _ _ _ 
_ 1 _ _ _ _ _ _ _ _ _ _ _ _ _ 
_ _ _ _ _ _ _ _ _ _ _ _ _ _ _ 
_ _ _ _ 2 _ _ _ _ 1 _ _ _ _ _ 

Turn: 5
Player 1 Score: 0
Player 1 Capacity: 0
Player 2 Score: 0
Player 2 Capacity: 0
Board:
_ 3 _ _ _ _ _ _ _ _ _ _ _ _ _ 
_ _ _ _ _ _ _ _ _ _ _ _ _ _ _ 
_ _ _ _ _ _ _ _ _ _ _ _ _ _ _ 
_ _ _ _ _ _ _ _ _ _ _ _ _ _ _ 
_ _ _ _ _ _ _ _ _ _ _ _ _ _ _ 
A _ _ 1 _ _ _ _ _ _ _ _ _ _ _ 
_ _ _ _ _ _ _ _ _ _ _ _ _ B _ 
_ _ _ _ 2 _ _ _ _ _ _ _ _ _ _ 
_ _ _ _ _ _ _ _ _ _ _ _ _ _ _ 
_ _ _ _ _ _ 1 _ _ _ _ _ _ _ _ 
_ _ _ _ _ _ _ _ _ _ _ _ _ _ _ 
_ _ _ _ _ _ _ 1 _ _ _ _ _ _ _ 
_ 1 _ _ _ _ _ _ _ _ _ _ _ _ _ 
_ _ _ _ _ _ _ _ _ _ _ _ _ _ _ 
_ _ _ _ 2 _ _ _ _ 1 _ _ _ _ _ 

Turn: 6
Player 1 Score: 0
Player 1 Capacity: 0
Player 2 Score: 0
Player 2 Capacity: 0
Board:
_ 3 _ _ _ _ _ _ _ _ _ _ _ _ _ 
_ _ _ _ _ _ _ _ _ _ _ _ _ _ _ 
_ _ _ _ _ _ _ _ _ _ _ _ _ _ _ 
_ _ _ _ _ _ _ _ _ _ _ _ _ _ _ 
_ _ _ _ _ _ _ _ _ _ _ _ _ _ _ 
A _ _ 1 _ _ _ _ _ _ _ _ B _ _ 
_ _ _ _ _ _ _ _ _ _ _ _ _ _ _ 
_ _ _ _ 2 _ _ _ _ _ _ _ _ _ _ 
_ _ _ _ _ _ _ _ _ _ _ _ _ _ _ 
_ _ _ _ _ _ 1 _ _ _ _ _ _ _ _ 
_ _ _ _ _ _ _ _ _ _ _ _ _ _ _ 
_ _ _ _ _ _ _ 1 _ _ _ _ _ _ _ 
_ 1 _ _ _ _ _ _ _ _ _ _ _ _ _ 
_ _ _ _ _ _ _ _ _ _ _ _ _ _ _ 
_ _ _ _ 2 _ _ _ _ 1 _ _ _ _ _ 

Turn: 7
Player 1 Score: 0
Player 1 Capacity: 0
Player 2 Score: 0
Player 2 Capacity: 0
Board:
_ 3 _ _ _ _ _ _ _ _ _ _ _ _ _ 
_ _ _ _ _ _ _ _ _ _ _ _ _ _ _ 
_ _ _ _ _ _ _ _ _ _ _ _ _ _ _ 
_ _ _ _ _ _ _ _ _ _ _ _ _ _ _ 
_ _ _ _ _ _ _ _ _ _ _ _ _ _ _ 
_ A _ 1 _ _ _ _ _ _ _ _ B _ _ 
_ _ _ _ _ _ _ _ _ _ _ _ _ _ _ 
_ _ _ _ 2 _ _ _ _ _ _ _ _ _ _ 
_ _ _ _ _ _ _ _ _ _ _ _ _ _ _ 
_ _ _ _ _ _ 1 _ _ _ _ _ _ _ _ 
_ _ _ _ _ _ _ _ _ _ _ _ _ _ _ 
_ _ _ _ _ _ _ 1 _ _ _ _ _ _ _ 
_ 1 _ _ _ _ _ _ _ _ _ _ _ _ _ 
_ _ _ _ _ _ _ _ _ _ _ _ _ _ _ 
_ _ _ _ 2 _ _ _ _ 1 _ _ _ _ _ 

Turn: 8
Player 1 Score: 0
Player 1 Capacity: 0
Player 2 Score: 0
Player 2 Capacity: 0
Board:
_ 3 _ _ _ _ _ _ _ _ _ _ _ _ _ 
_ _ _ _ _ _ _ _ _ _ _ _ _ _ _ 
_ _ _ _ _ _ _ _ _ _ _ _ _ _ _ 
_ _ _ _ _ _ _ _ _ _ _ _ _ _ _ 
_ _ _ _ _ _ _ _ _ _ _ B _ _ _ 
_ A _ 1 _ _ _ _ _ _ _ _ _ _ _ 
_ _ _ _ _ _ _ _ _ _ _ _ _ _ _ 
_ _ _ _ 2 _ _ _ _ _ _ _ _ _ _ 
_ _ _ _ _ _ _ _ _ _ _ _ _ _ _ 
_ _ _ _ _ _ 1 _ _ _ _ _ _ _ _ 
_ _ _ _ _ _ _ _ _ _ _ _ _ _ _ 
_ _ _ _ _ _ _ 1 _ _ _ _ _ _ _ 
_ 1 _ _ _ _ _ _ _ _ _ _ _ _ _ 
_ _ _ _ _ _ _ _ _ _ _ _ _ _ _ 
_ _ _ _ 2 _ _ _ _ 1 _ _ _ _ _ 

Turn: 9
Player 1 Score: 0
Player 1 Capacity: 0
Player 2 Score: 0
Player 2 Capacity: 0
Board:
_ 3 _ _ _ _ _ _ _ _ _ _ _ _ _ 
_ _ _ _ _ _ _ _ _ _ _ _ _ _ _ 
_ _ _ _ _ _ _ _ _ _ _ _ _ _ _ 
_ _ _ _ _ _ _ _ _ _ _ _ _ _ _ 
_ _ _ _ _ _ _ _ _ _ _ B _ _ _ 
_ _ A 1 _ _ _ _ _ _ _ _ _ _ _ 
_ _ _ _ _ _ _ _ _ _ _ _ _ _ _ 
_ _ _ _ 2 _ _ _ _ _ _ _ _ _ _ 
_ _ _ _ _ _ _ _ _ _ _ _ _ _ _ 
_ _ _ _ _ _ 1 _ _ _ _ _ _ _ _ 
_ _ _ _ _ _ _ _ _ _ _ _ _ _ _ 
_ _ _ _ _ _ _ 1 _ _ _ _ _ _ _ 
_ 1 _ _ _ _ _ _ _ _ _ _ _ _ _ 
_ _ _ _ _ _ _ _ _ _ _ _ _ _ _ 
_ _ _ _ 2 _ _ _ _ 1 _ _ _ _ _ 

Turn: 10
Player 1 Score: 0
Player 1 Capacity: 0
Player 2 Score: 0
Player 2 Capacity: 0
Board:
_ 3 _ _ _ _ _ _ _ _ _ _ _ _ _ 
_ _ _ _ _ _ _ _ _ _ _ _ _ _ _ 
_ _ _ _ _ _ _ _ _ _ _ _ _ _ _ 
_ _ _ _ _ _ _ _ _ _ B _ _ _ _ 
_ _ _ _ _ _ _ _ _ _ _ _ _ _ _ 
_ _ A 1 _ _ _ _ _ _ _ _ _ _ _ 
_ _ _ _ _ _ _ _ _ _ _ _ _ _ _ 
_ _ _ _ 2 _ _ _ _ _ _ _ _ _ _ 
_ _ _ _ _ _ _ _ _ _ _ _ _ _ _ 
_ _ _ _ _ _ 1 _ _ _ _ _ _ _ _ 
_ _ _ _ _ _ _ _ _ _ _ _ _ _ _ 
_ _ _ _ _ _ _ 1 _ _ _ _ _ _ _ 
_ 1 _ _ _ _ _ _ _ _ _ _ _ _ _ 
_ _ _ _ _ _ _ _ _ _ _ _ _ _ _ 
_ _ _ _ 2 _ _ _ _ 1 _ _ _ _ _ 

Turn: 11
Player 1 Score: 2
Player 1 Capacity: 1
Player 2 Score: 0
Player 2 Capacity: 0
Board:
_ 3 _ _ _ _ _ _ _ _ _ _ _ _ _ 
_ _ _ _ _ _ _ _ _ _ _ _ _ _ _ 
_ _ _ _ _ _ _ _ _ _ _ _ _ _ _ 
_ _ _ _ _ _ _ _ _ _ B _ _ _ _ 
_ _ _ _ _ _ _ _ _ _ _ _ _ _ _ 
_ _ _ A _ _ _ _ _ _ _ _ _ _ _ 
_ _ _ _ _ _ _ _ _ _ _ _ _ _ _ 
_ _ _ _ 2 _ _ _ _ _ _ _ _ _ _ 
_ _ _ _ _ _ _ _ _ _ _ _ _ _ _ 
_ _ _ _ _ _ 1 _ _ _ _ _ _ _ _ 
_ _ _ _ _ _ _ _ _ _ _ _ _ _ _ 
_ _ _ _ _ _ _ 1 _ _ _ _ _ _ _ 
_ 1 _ _ _ _ _ _ _ _ _ _ _ _ _ 
_ _ _ _ _ _ _ _ _ _ _ _ _ _ _ 
_ _ _ _ 2 _ _ _ _ 1 _ _ _ _ _ 

Turn: 12
Player 1 Score: 2
Player 1 Capacity: 1
Player 2 Score: 0
Player 2 Capacity: 0
Board:
_ 3 _ _ _ _ _ _ _ _ _ _ _ _ _ 
_ _ _ _ _ _ _ _ _ _ _ _ _ _ _ 
_ _ _ _ _ _ _ _ _ B _ _ _ _ _ 
_ _ _ _ _ _ _ _ _ _ _ _ _ _ _ 
_ _ _ _ _ _ _ _ _ _ _ _ _ _ _ 
_ _ _ A _ _ _ _ _ _ _ _ _ _ _ 
_ _ _ _ _ _ _ _ _ _ _ _ _ _ _ 
_ _ _ _ 2 _ _ _ _ _ _ _ _ _ _ 
_ _ _ _ _ _ _ _ _ _ _ _ _ _ _ 
_ _ _ _ _ _ 1 _ _ _ _ _ _ _ _ 
_ _ _ _ _ _ _ _ _ _ _ _ _ _ _ 
_ _ _ _ _ _ _ 1 _ _ _ _ _ _ _ 
_ 1 _ _ _ _ _ _ _ _ _ _ _ _ _ 
_ _ _ _ _ _ _ _ _ _ _ _ _ _ _ 
_ _ _ _ 2 _ _ _ _ 1 _ _ _ _ _ 

Turn: 13
Player 1 Score: 2
Player 1 Capacity: 1
Player 2 Score: 0
Player 2 Capacity: 0
Board:
_ 3 _ _ _ _ _ _ M _ _ _ _ _ _ 
_ _ _ _ _ _ _ _ _ _ _ _ _ _ _ 
_ _ _ _ _ _ _ _ _ B _ _ _ _ _ 
_ _ _ _ _ _ _ _ _ _ _ _ _ _ _ 
_ _ _ _ _ _ _ _ _ _ _ _ _ _ _ 
_ _ _ _ _ _ _ _ _ _ _ _ _ _ _ 
_ _ _ A _ _ _ _ _ _ _ _ _ _ _ 
_ _ _ _ 2 _ _ _ _ _ _ _ _ _ _ 
_ _ _ _ _ _ _ _ _ _ _ _ _ _ _ 
_ _ _ _ _ _ 1 _ _ _ _ _ _ _ _ 
_ _ _ _ _ _ _ _ _ _ _ _ _ _ _ 
_ _ _ _ _ _ _ 1 _ _ _ _ _ _ _ 
_ 1 _ _ _ _ _ _ _ _ _ _ _ _ _ 
_ _ _ _ _ _ _ _ _ _ _ _ _ _ _ 
_ _ _ _ 2 _ _ _ _ 1 _ _ _ _ _ 

Turn: 14
Player 1 Score: 2
Player 1 Capacity: 1
Player 2 Score: 0
Player 2 Capacity: 0
Board:
_ 3 _ _ _ _ _ _ M _ _ _ _ _ _ 
_ _ _ _ _ _ _ _ B _ _ _ _ _ _ 
_ _ _ _ _ _ _ _ _ _ _ _ _ _ _ 
_ _ _ _ _ _ _ _ _ _ _ _ _ _ _ 
_ _ _ _ _ _ _ _ _ _ _ _ _ _ _ 
_ _ _ _ _ _ _ _ _ _ _ _ _ _ _ 
_ _ _ A _ _ _ _ _ _ _ _ _ _ _ 
_ _ _ _ 2 _ _ _ _ _ _ _ _ _ _ 
_ _ _ _ _ _ _ _ _ _ _ _ _ _ _ 
_ _ _ _ _ _ 1 _ _ _ _ _ _ _ _ 
_ _ _ _ _ _ _ _ _ _ _ _ _ _ _ 
_ _ _ _ _ _ _ 1 _ _ _ _ _ _ _ 
_ 1 _ _ _ _ _ _ _ _ _ _ _ _ _ 
_ _ _ _ _ _ _ _ _ _ _ _ _ _ _ 
_ _ _ _ 2 _ _ _ _ 1 _ _ _ _ _ 

Turn: 15
Player 1 Score: 7
Player 1 Capacity: 3
Player 2 Score: 0
Player 2 Capacity: 0
Board:
_ 3 _ _ _ _ _ _ 1 _ _ _ _ _ _ 
_ _ _ _ _ _ _ _ B M _ _ _ _ _ 
_ _ _ _ _ _ _ _ _ _ _ _ _ _ _ 
_ _ _ _ _ _ _ _ _ _ _ _ _ _ _ 
_ _ _ _ _ _ _ _ _ _ _ _ _ _ _ 
_ _ _ _ _ _ _ _ _ _ _ _ _ _ _ 
_ _ _ _ _ _ _ _ _ _ _ _ _ _ _ 
_ _ _ _ A _ _ _ _ _ _ _ _ _ _ 
_ _ _ _ _ _ _ _ _ _ _ _ _ _ _ 
_ _ _ _ _ _ 1 _ _ _ _ _ _ _ _ 
_ _ _ _ _ _ _ _ _ _ _ _ _ _ _ 
_ _ _ _ _ _ _ 1 _ _ _ _ _ _ _ 
_ 1 _ _ _ _ _ _ _ _ _ _ _ _ _ 
_ _ _ _ _ _ _ _ _ _ _ _ _ _ _ 
_ _ _ _ 2 _ _ _ _ 1 _ _ _ _ _ 

Turn: 16
Player 1 Score: 7
Player 1 Capacity: 3
Player 2 Score: 2
Player 2 Capacity: 1
Board:
_ 3 _ _ _ _ _ _ B _ _ _ _ _ _ 
_ _ _ _ _ _ _ _ _ M _ _ _ _ _ 
_ _ _ _ _ _ _ _ _ _ _ _ _ _ _ 
_ _ _ _ _ _ _ _ _ _ _ _ _ _ _ 
_ _ _ _ _ _ _ _ _ _ _ _ _ _ _ 
_ _ _ _ _ _ _ _ _ _ _ _ _ _ _ 
_ _ _ _ _ _ _ _ _ _ _ _ _ _ _ 
_ _ _ _ A _ _ _ _ _ _ _ _ _ _ 
_ _ _ _ _ _ _ _ _ _ _ _ _ _ _ 
_ _ _ _ _ _ 1 _ _ _ _ _ _ _ _ 
_ _ _ _ _ _ _ _ _ _ _ _ _ _ _ 
_ _ _ _ _ _ _ 1 _ _ _ _ _ _ _ 
_ 1 _ _ _ _ _ _ _ _ _ _ _ _ _ 
_ _ _ _ _ _ _ _ _ _ _ _ _ _ _ 
_ _ _ _ 2 _ _ _ _ 1 _ _ _ _ _ 

Turn: 17
Player 1 Score: 7
Player 1 Capacity: 3
Player 2 Score: 2
Player 2 Capacity: 1
Board:
_ 3 _ _ _ _ _ _ B _ _ _ _ _ _ 
_ _ _ _ _ _ _ _ _ 1 M _ _ _ _ 
_ _ _ _ _ _ _ _ _ _ _ _ _ _ _ 
_ _ _ _ _ _ _ _ _ _ _ _ _ _ _ 
_ _ _ _ _ _ _ _ _ _ _ _ _ _ _ 
_ _ _ _ _ _ _ _ _ _ _ _ _ _ _ 
_ _ _ _ _ _ _ _ _ _ _ _ _ _ _ 
_ _ _ _ _ _ _ _ _ _ _ _ _ _ _ 
_ _ _ _ A _ _ _ _ _ _ _ _ _ _ 
_ _ _ _ _ _ 1 _ _ _ _ _ _ _ _ 
_ _ _ _ _ _ _ _ _ _ _ _ _ _ _ 
_ _ _ _ _ _ _ 1 _ _ _ _ _ _ _ 
_ 1 _ _ _ _ _ _ _ _ _ _ _ _ _ 
_ _ _ _ _ _ _ _ _ _ _ _ _ _ _ 
_ _ _ _ 2 _ _ _ _ 1 _ _ _ _ _ 

Turn: 18
Player 1 Score: 7
Player 1 Capacity: 3
Player 2 Score: 4
Player 2 Capacity: 2
Board:
_ 3 _ _ _ _ _ _ _ _ _ _ _ _ _ 
_ _ _ _ _ _ _ _ _ B 1 _ _ _ _ 
_ _ _ _ _ _ _ _ _ _ _ M _ _ _ 
_ _ _ _ _ _ _ _ _ _ _ _ _ _ _ 
_ _ _ _ _ _ _ _ _ _ _ _ _ _ _ 
_ _ _ _ _ _ _ _ _ _ _ _ _ _ _ 
_ _ _ _ _ _ _ _ _ _ _ _ _ _ _ 
_ _ _ _ _ _ _ _ _ _ _ _ _ _ _ 
_ _ _ _ A _ _ _ _ _ _ _ _ _ _ 
_ _ _ _ _ _ 1 _ _ _ _ _ _ _ _ 
_ _ _ _ _ _ _ _ _ _ _ _ _ _ _ 
_ _ _ _ _ _ _ 1 _ _ _ _ _ _ _ 
_ 1 _ _ _ _ _ _ _ _ _ _ _ _ _ 
_ _ _ _ _ _ _ _ _ _ _ _ _ _ _ 
_ _ _ _ 2 _ _ _ _ 1 _ _ _ _ _ 

Turn: 19
Player 1 Score: 7
Player 1 Capacity: 3
Player 2 Score: 4
Player 2 Capacity: 2
Board:
_ 3 _ _ _ _ _ _ _ _ _ _ _ _ _ 
_ _ _ _ _ _ _ _ _ B 1 _ _ _ _ 
_ _ _ _ _ _ _ _ _ _ _ M _ _ _ 
_ _ _ _ _ _ _ _ _ _ _ _ _ _ _ 
_ _ _ _ _ _ _ _ _ _ _ _ _ _ _ 
_ _ _ _ _ _ _ _ _ _ _ _ _ _ _ 
_ _ _ _ _ _ _ _ _ _ _ _ _ _ _ 
_ _ _ _ _ _ _ _ _ _ _ _ _ _ _ 
_ _ _ _ _ _ _ _ _ _ _ _ _ _ _ 
_ _ _ _ A _ 1 _ _ _ _ _ _ _ _ 
_ _ _ _ _ _ _ _ _ _ _ _ _ _ _ 
_ _ _ _ _ _ _ 1 _ _ _ _ _ _ _ 
_ 1 _ _ _ _ _ _ _ _ _ _ _ _ _ 
_ _ _ _ _ _ _ _ _ _ _ _ _ _ _ 
_ _ _ _ 2 _ _ _ _ 1 _ _ _ _ _ 

Turn: 20
Player 1 Score: 7
Player 1 Capacity: 3
Player 2 Score: 6
Player 2 Capacity: 3
Board:
_ 3 _ _ _ _ _ _ _ _ _ _ _ _ _ 
_ _ _ _ _ _ _ _ _ _ B _ _ _ _ 
_ _ _ _ _ _ _ _ _ _ _ 1 _ _ _ 
_ _ _ _ _ _ _ _ _ _ M _ _ _ _ 
_ _ _ _ _ _ _ _ _ _ _ _ _ _ _ 
_ _ _ _ _ _ _ _ _ _ _ _ _ _ _ 
_ _ _ _ _ _ _ _ _ _ _ _ _ _ _ 
_ _ _ _ _ _ _ _ _ _ _ _ _ _ _ 
_ _ _ _ _ _ _ _ _ _ _ _ _ _ _ 
_ _ _ _ A _ 1 _ _ _ _ _ _ _ _ 
_ _ _ _ _ _ _ _ _ _ _ _ _ _ _ 
_ _ _ _ _ _ _ 1 _ _ _ _ _ _ _ 
_ 1 _ _ _ _ _ _ _ _ _ _ _ _ _ 
_ _ _ _ _ _ _ _ _ _ _ _ _ _ _ 
_ _ _ _ 2 _ _ _ _ 1 _ _ _ _ _ 

Turn: 21
Player 1 Score: 7
Player 1 Capacity: 3
Player 2 Score: 6
Player 2 Capacity: 3
Board:
_ 3 _ _ _ _ _ _ _ _ _ _ _ _ _ 
_ _ _ _ _ _ _ _ _ _ B _ _ _ _ 
_ _ _ _ _ _ _ _ _ _ _ 1 _ _ _ 
_ _ _ _ _ _ _ _ _ _ M _ _ _ _ 
_ _ _ _ _ _ _ _ _ _ _ _ _ _ _ 
_ _ _ _ _ _ _ _ _ _ _ _ _ _ _ 
_ _ _ _ _ _ _ _ _ _ _ _ _ _ _ 
_ _ _ _ _ _ _ _ _ _ _ _ _ _ _ 
_ _ _ _ _ _ _ _ _ _ _ _ _ _ _ 
_ _ _ _ _ A 1 _ _ _ _ _ _ _ _ 
_ _ _ _ _ _ _ _ _ _ _ _ _ _ _ 
_ _ _ _ _ _ _ 1 _ _ _ _ _ _ _ 
_ 1 _ _ _ _ _ _ _ _ _ _ _ _ _ 
_ _ _ _ _ _ _ _ _ _ _ _ _ _ _ 
_ _ _ _ 2 _ _ _ _ 1 _ _ _ _ _ 

Turn: 22
Player 1 Score: 7
Player 1 Capacity: 3
Player 2 Score: 8
Player 2 Capacity: 4
Board:
_ 3 _ _ _ _ _ _ _ _ _ _ _ _ _ 
_ _ _ _ _ _ _ _ _ _ _ _ _ _ _ 
_ _ _ _ _ _ _ _ _ _ _ B _ _ _ 
_ _ _ _ _ _ _ _ _ _ M _ _ _ _ 
_ _ _ _ _ _ _ _ _ _ _ _ _ _ _ 
_ _ _ _ _ _ _ _ _ _ _ _ _ _ _ 
_ _ _ _ _ _ _ _ _ _ _ _ _ _ _ 
_ _ _ _ _ _ _ _ _ _ _ _ _ _ _ 
_ _ _ _ _ _ _ _ _ _ _ _ _ _ _ 
_ _ _ _ _ A 1 _ _ _ _ _ _ _ _ 
_ _ _ _ _ _ _ _ _ _ _ _ _ _ _ 
_ _ _ _ _ _ _ 1 _ _ _ _ _ _ _ 
_ 1 _ _ _ _ _ _ _ _ _ _ _ _ _ 
_ _ _ _ _ _ _ _ _ _ _ _ _ _ _ 
_ _ _ _ 2 _ _ _ _ 1 _ _ _ _ _ 

Turn: 23
Player 1 Score: 9
Player 1 Capacity: 4
Player 2 Score: 8
Player 2 Capacity: 4
Board:
_ 3 _ _ _ _ _ _ _ _ _ _ _ _ _ 
_ _ _ _ _ _ _ _ _ _ _ _ _ _ _ 
_ _ _ _ _ _ _ _ _ _ _ B _ _ _ 
_ _ _ _ _ _ _ _ _ M 1 _ _ _ _ 
_ _ _ _ _ _ _ _ _ _ _ _ _ _ _ 
_ _ _ _ _ _ _ _ _ _ _ _ _ _ _ 
_ _ _ _ _ _ _ _ _ _ _ _ _ _ _ 
_ _ _ _ _ _ _ _ _ _ _ _ _ _ _ 
_ _ _ _ _ _ _ _ _ _ _ _ _ _ _ 
_ _ _ _ _ _ A _ _ _ _ _ _ _ _ 
_ _ _ _ _ _ _ _ _ _ _ _ _ _ _ 
_ _ _ _ _ _ _ 1 _ _ _ _ _ _ _ 
_ 1 _ _ _ _ _ _ _ _ _ _ _ _ _ 
_ _ _ _ _ _ _ _ _ _ _ _ _ _ _ 
_ _ _ _ 2 _ _ _ _ 1 _ _ _ _ _ 

Turn: 24
Player 1 Score: 9
Player 1 Capacity: 4
Player 2 Score: 10
Player 2 Capacity: 5
Board:
_ 3 _ _ _ _ _ _ _ _ _ _ _ _ _ 
_ _ _ _ _ _ _ _ _ _ _ _ _ _ _ 
_ _ _ _ _ _ _ _ M _ _ _ _ _ _ 
_ _ _ _ _ _ _ _ _ 1 B _ _ _ _ 
_ _ _ _ _ _ _ _ _ _ _ _ _ _ _ 
_ _ _ _ _ _ _ _ _ _ _ _ _ _ _ 
_ _ _ _ _ _ _ _ _ _ _ _ _ _ _ 
_ _ _ _ _ _ _ _ _ _ _ _ _ _ _ 
_ _ _ _ _ _ _ _ _ _ _ _ _ _ _ 
_ _ _ _ _ _ A _ _ _ _ _ _ _ _ 
_ _ _ _ _ _ _ _ _ _ _ _ _ _ _ 
_ _ _ _ _ _ _ 1 _ _ _ _ _ _ _ 
_ 1 _ _ _ _ _ _ _ _ _ _ _ _ _ 
_ _ _ _ _ _ _ _ _ _ _ _ _ _ _ 
_ _ _ _ 2 _ _ _ _ 1 _ _ _ _ _ 

Turn: 25
Player 1 Score: 9
Player 1 Capacity: 4
Player 2 Score: 10
Player 2 Capacity: 5
Board:
_ 3 _ _ _ _ _ _ _ _ _ _ _ _ _ 
_ _ _ _ _ _ _ _ _ _ _ _ _ _ _ 
_ _ _ _ _ _ _ _ 1 M _ _ _ _ _ 
_ _ _ _ _ _ _ _ _ 1 B _ _ _ _ 
_ _ _ _ _ _ _ _ _ _ _ _ _ _ _ 
_ _ _ _ _ _ _ _ _ _ _ _ _ _ _ 
_ _ _ _ _ _ _ _ _ _ _ _ _ _ _ 
_ _ _ _ _ _ _ _ _ _ _ _ _ _ _ 
_ _ _ _ _ _ _ _ _ _ _ _ _ _ _ 
_ _ _ _ _ _ _ _ _ _ _ _ _ _ _ 
_ _ _ _ _ _ A _ _ _ _ _ _ _ _ 
_ _ _ _ _ _ _ 1 _ _ _ _ _ _ _ 
_ 1 _ _ _ _ _ _ _ _ _ _ _ _ _ 
_ _ _ _ _ _ _ _ _ _ _ _ _ _ _ 
_ _ _ _ 2 _ _ _ _ 1 _ _ _ _ _ 

Turn: 26
Player 1 Score: 9
Player 1 Capacity: 4
Player 2 Score: 25
Player 2 Capacity: 15
Board:
_ 3 _ _ _ _ _ _ _ _ _ _ _ _ _ 
_ _ _ _ _ _ _ _ _ _ _ _ _ _ _ 
_ _ _ _ _ _ _ _ 1 B _ _ _ _ _ 
_ _ _ _ _ _ _ _ _ 1 _ _ _ _ _ 
_ _ _ _ _ _ _ _ _ _ _ _ _ _ _ 
_ _ _ _ _ _ _ _ _ _ _ _ _ _ _ 
_ _ _ _ _ _ _ _ _ _ _ _ _ _ _ 
_ _ _ _ _ _ _ _ _ _ _ _ _ _ _ 
_ _ _ _ _ _ _ _ _ _ _ _ _ _ _ 
_ _ _ _ _ _ _ _ _ _ _ _ _ _ _ 
_ _ _ _ _ _ A _ _ _ _ _ _ _ _ 
_ _ _ _ _ _ _ 1 _ _ _ _ _ _ _ 
_ 1 _ _ _ _ _ _ _ _ _ _ _ _ _ 
_ _ _ _ _ _ _ _ _ _ _ _ _ _ _ 
_ _ _ _ 2 _ _ _ _ 1 _ _ _ _ _ 

Turn: 27
Player 1 Score: 11
Player 1 Capacity: 5
Player 2 Score: 25
Player 2 Capacity: 15
Board:
_ 3 _ _ _ _ _ _ _ _ _ _ _ _ _ 
_ _ _ _ _ _ _ _ _ _ _ _ _ _ _ 
_ _ _ _ _ _ _ _ 1 B _ _ _ _ _ 
_ _ _ _ _ _ _ _ _ 1 _ _ _ _ _ 
_ _ _ _ _ _ _ _ _ _ _ _ _ _ _ 
_ _ _ _ _ _ _ _ _ _ _ _ _ _ _ 
_ _ _ _ _ _ _ _ _ _ _ _ _ _ _ 
_ _ _ _ _ _ _ _ _ _ _ _ _ _ _ 
_ _ _ _ _ _ _ _ _ _ _ _ _ _ _ 
_ _ _ _ _ _ _ _ _ _ _ _ _ _ _ 
_ _ _ _ _ _ _ _ _ _ _ _ _ _ _ 
_ _ _ _ _ _ _ A _ _ _ _ _ _ _ 
_ 1 _ _ _ _ _ _ _ _ _ _ _ _ _ 
_ _ _ _ _ _ _ _ _ _ _ _ _ _ _ 
_ _ _ _ 2 _ _ _ _ 1 _ _ _ _ _ 

Turn: 28
Player 1 Score: 11
Player 1 Capacity: 5
Player 2 Score: 27
Player 2 Capacity: 16
Board:
_ 3 _ _ _ _ _ _ _ _ _ _ _ _ _ 
_ _ _ _ _ _ _ _ _ _ _ _ _ _ _ 
_ _ _ _ _ _ _ _ B _ _ _ _ _ _ 
_ _ _ _ _ _ _ _ _ 1 _ _ _ _ _ 
_ _ _ _ _ _ _ _ _ _ _ _ _ _ _ 
_ _ _ _ _ _ _ _ _ _ _ _ _ _ _ 
_ _ _ _ _ _ _ _ _ _ _ _ _ _ _ 
_ _ _ _ _ _ _ _ _ _ _ _ _ _ _ 
_ _ _ _ _ _ _ _ _ _ _ _ _ _ _ 
_ _ _ _ _ _ _ _ _ _ _ _ _ _ _ 
_ _ _ _ _ _ _ _ _ _ _ _ _ _ _ 
_ _ _ _ _ _ _ A _ _ _ _ _ _ _ 
_ 1 _ _ _ _ _ _ _ _ _ _ _ _ _ 
_ _ _ _ _ _ _ _ _ _ _ _ _ _ _ 
_ _ _ _ 2 _ _ _ _ 1 _ _ _ _ _ 

Turn: 29
Player 1 Score: 11
Player 1 Capacity: 5
Player 2 Score: 27
Player 2 Capacity: 16
Board:
_ 3 _ _ _ _ _ _ _ _ _ _ _ _ _ 
_ _ _ _ _ _ _ _ _ _ _ _ _ _ _ 
_ _ _ _ _ _ _ _ B _ _ _ _ _ _ 
_ _ _ _ _ _ _ _ _ 1 _ _ _ _ _ 
_ _ _ _ _ _ _ _ _ _ _ _ _ _ _ 
_ _ _ _ _ _ _ _ _ _ _ _ _ _ _ 
_ _ _ _ _ _ _ _ _ _ _ _ _ _ _ 
_ _ _ _ _ _ _ _ _ _ _ _ _ _ _ 
_ _ _ _ _ _ _ _ _ _ _ _ _ _ _ 
_ _ _ _ _ _ _ _ _ _ _ _ _ _ _ 
_ _ _ _ _ _ _ _ _ _ _ _ _ _ _ 
_ _ _ _ _ _ _ _ _ _ _ _ _ _ _ 
_ 1 _ _ _ _ _ A _ _ _ _ _ _ _ 
_ _ _ _ _ _ _ _ _ _ _ _ _ _ _ 
_ _ _ _ 2 _ _ _ _ 1 _ _ _ _ _ 

Turn: 30
Player 1 Score: 11
Player 1 Capacity: 5
Player 2 Score: 29
Player 2 Capacity: 17
Board:
_ 3 _ _ _ _ _ _ _ _ _ _ _ _ _ 
_ _ _ _ _ _ _ _ _ _ _ _ _ _ _ 
_ _ _ _ _ _ _ _ _ _ _ _ _ _ _ 
_ _ _ _ _ _ _ _ _ B _ _ _ _ _ 
_ _ _ _ _ _ _ _ _ _ _ _ _ _ _ 
_ _ _ _ _ _ _ _ _ _ _ _ _ _ _ 
_ _ _ _ _ _ _ _ _ _ _ _ _ _ _ 
_ _ _ _ _ _ _ _ _ _ _ _ _ _ _ 
_ _ _ _ _ _ _ _ _ _ _ _ _ _ _ 
_ _ _ _ _ _ _ _ _ _ _ _ _ _ _ 
_ _ _ _ _ _ _ _ _ _ _ _ _ _ _ 
_ _ _ _ _ _ _ _ _ _ _ _ _ _ _ 
_ 1 _ _ _ _ _ A _ _ _ _ _ _ _ 
_ _ _ _ _ _ _ _ _ _ _ _ _ _ _ 
_ _ _ _ 2 _ _ _ _ 1 _ _ _ _ _ 

Turn: 31
Player 1 Score: 11
Player 1 Capacity: 5
Player 2 Score: 29
Player 2 Capacity: 17
Board:
_ 3 _ _ _ _ _ _ _ _ _ _ _ _ _ 
_ _ _ _ _ _ _ _ _ _ _ _ _ _ _ 
_ _ _ _ _ _ _ _ _ _ _ _ _ _ _ 
_ _ _ _ _ _ _ _ _ B _ _ _ _ _ 
_ _ _ _ _ _ _ _ _ _ _ _ _ _ _ 
_ _ _ _ _ _ _ _ _ _ _ _ _ _ _ 
_ _ _ _ _ _ _ _ _ _ _ _ _ _ _ 
_ _ _ _ _ _ _ _ _ _ _ _ _ _ _ 
_ _ _ _ _ _ _ _ _ _ _ _ _ _ _ 
_ _ _ _ _ _ _ _ _ _ _ _ _ _ _ 
_ _ _ _ _ _ _ _ _ _ _ _ _ _ _ 
_ _ _ _ _ _ _ _ _ _ _ _ _ _ _ 
_ 1 _ _ _ _ _ _ _ _ _ _ _ _ _ 
_ _ _ _ _ _ _ A _ _ _ _ _ _ _ 
_ _ _ _ 2 _ _ _ _ 1 _ _ _ _ _ 

Turn: 32
Player 1 Score: 11
Player 1 Capacity: 5
Player 2 Score: 29
Player 2 Capacity: 17
Board:
_ 3 _ _ _ _ _ _ _ _ _ _ _ _ _ 
_ _ _ _ _ _ _ _ _ _ _ _ _ _ _ 
_ _ _ _ _ _ _ _ B _ _ _ _ _ _ 
_ _ _ _ _ _ _ _ _ _ _ _ _ _ _ 
_ _ _ _ _ _ _ _ _ _ _ _ _ _ _ 
_ _ _ _ _ _ _ _ _ _ _ _ _ _ _ 
_ _ _ _ _ _ _ _ _ _ _ _ _ _ _ 
_ _ _ _ _ _ _ _ _ _ _ _ _ _ _ 
_ _ _ _ _ _ _ _ _ _ _ _ _ _ _ 
_ _ _ _ _ _ _ _ _ _ _ _ _ _ _ 
_ _ _ _ _ _ _ _ _ _ _ _ _ _ _ 
_ _ _ _ _ _ _ _ _ _ _ _ _ _ _ 
_ 1 _ _ _ _ _ _ _ _ _ _ _ _ _ 
_ _ _ _ _ _ _ A _ _ _ _ _ _ _ 
_ _ _ _ 2 _ _ _ _ 1 _ _ _ _ _ 

Turn: 33
Player 1 Score: 11
Player 1 Capacity: 5
Player 2 Score: 29
Player 2 Capacity: 17
Board:
_ 3 _ _ _ _ _ _ _ _ _ _ _ _ _ 
_ _ _ _ _ _ _ _ _ _ _ _ _ _ _ 
_ _ _ _ _ _ _ _ B _ _ _ _ _ _ 
_ _ _ _ _ _ _ _ _ _ _ _ _ _ _ 
_ _ _ _ _ _ _ _ _ _ _ _ _ _ _ 
_ _ _ _ _ _ _ _ _ _ _ _ _ _ _ 
_ _ _ _ _ _ _ _ _ _ _ _ _ _ _ 
_ _ _ _ _ _ _ _ _ _ _ _ _ _ _ 
_ _ _ _ _ _ _ _ _ _ _ _ _ _ _ 
_ _ _ _ _ _ _ _ _ _ _ _ _ _ _ 
_ _ _ _ _ _ _ _ _ _ _ _ _ _ _ 
_ _ _ _ _ _ _ _ _ _ _ _ _ _ _ 
_ 1 _ _ _ _ _ _ _ _ _ _ _ _ _ 
_ _ _ _ _ _ _ _ _ _ _ _ _ _ _ 
_ _ _ _ 2 _ _ A _ 1 _ _ _ _ _ 

Turn: 34
Player 1 Score: 11
Player 1 Capacity: 5
Player 2 Score: 29
Player 2 Capacity: 17
Board:
_ 3 _ _ _ _ _ _ _ _ _ _ _ _ _ 
_ _ _ _ _ _ _ B _ _ _ _ _ _ _ 
_ _ _ _ _ _ _ _ _ _ _ _ _ _ _ 
_ _ _ _ _ _ _ _ _ _ _ _ _ _ _ 
_ _ _ _ _ _ _ _ _ _ _ _ _ _ _ 
_ _ _ _ _ _ _ _ _ _ _ _ _ _ _ 
_ _ _ _ _ _ _ _ _ _ _ _ _ _ _ 
_ _ _ _ _ _ _ _ _ _ _ _ _ _ _ 
_ _ _ _ _ _ _ _ _ _ _ _ _ _ _ 
_ _ _ _ _ _ _ _ _ _ _ _ _ _ _ 
_ _ _ _ _ _ _ _ _ _ _ _ _ _ _ 
_ _ _ _ _ _ _ _ _ _ _ _ _ _ _ 
_ 1 _ _ _ _ _ _ _ _ _ _ _ _ _ 
_ _ _ _ _ _ _ _ _ _ _ _ _ _ _ 
_ _ _ _ 2 _ _ A _ 1 _ _ _ _ _ 

Turn: 35
Player 1 Score: 11
Player 1 Capacity: 5
Player 2 Score: 29
Player 2 Capacity: 17
Board:
_ 3 _ _ _ _ _ _ _ _ _ _ _ _ _ 
_ _ _ _ _ _ _ B _ _ _ _ _ _ _ 
_ _ _ _ _ _ _ _ _ _ _ _ _ _ _ 
_ _ _ _ _ _ _ _ _ _ _ _ _ _ _ 
_ _ _ _ _ _ _ _ _ _ _ _ _ _ _ 
_ _ _ _ _ _ _ _ _ _ _ _ _ _ _ 
_ _ _ _ _ _ _ _ _ _ _ _ _ _ _ 
_ _ _ _ _ _ _ _ _ _ _ _ _ _ _ 
_ _ _ _ _ _ _ _ _ _ _ _ _ _ _ 
_ _ _ _ _ _ _ _ _ _ _ _ _ _ _ 
_ _ _ _ _ _ _ _ _ _ _ _ _ _ _ 
_ _ _ _ _ _ _ _ _ _ _ _ _ _ _ 
_ 1 _ _ _ _ _ _ _ _ _ _ _ _ _ 
_ _ _ _ _ _ _ _ _ _ _ _ _ _ _ 
_ _ _ _ 2 _ _ _ A 1 _ _ _ _ _ 

Turn: 36
Player 1 Score: 11
Player 1 Capacity: 5
Player 2 Score: 29
Player 2 Capacity: 17
Board:
_ 3 _ _ _ _ B _ _ _ _ _ _ _ _ 
_ _ _ _ _ _ _ _ _ _ _ _ _ _ _ 
_ _ _ _ _ _ _ _ _ _ _ _ _ _ _ 
_ _ _ _ _ _ _ _ _ _ _ _ _ _ _ 
_ _ _ _ _ _ _ _ _ _ _ _ _ _ _ 
_ _ _ _ _ _ _ _ _ _ _ _ _ _ _ 
_ _ _ _ _ _ _ _ _ _ _ _ _ _ _ 
_ _ _ _ _ _ _ _ _ _ _ _ _ _ _ 
_ _ _ _ _ _ _ _ _ _ _ _ _ _ _ 
_ _ _ _ _ _ _ _ _ _ _ _ _ _ _ 
_ _ _ _ _ _ _ _ _ _ _ _ _ _ _ 
_ _ _ _ _ _ _ _ _ _ _ _ _ _ _ 
_ 1 _ _ _ _ _ _ _ _ _ _ _ _ _ 
_ _ _ _ _ _ _ _ _ _ _ _ _ _ _ 
_ _ _ _ 2 _ _ _ A 1 _ _ _ _ _ 

Turn: 37
Player 1 Score: 13
Player 1 Capacity: 6
Player 2 Score: 29
Player 2 Capacity: 17
Board:
_ 3 _ M _ _ B _ _ _ _ _ _ _ _ 
_ _ _ _ _ _ _ _ _ _ _ _ _ _ _ 
_ _ _ _ _ _ _ _ _ _ _ _ _ _ _ 
_ _ _ _ _ _ _ _ _ _ _ _ _ _ _ 
_ _ _ _ _ _ _ _ _ _ _ _ _ _ _ 
_ _ _ _ _ _ _ _ _ _ _ _ _ _ _ 
_ _ _ _ _ _ _ _ _ _ _ _ _ _ _ 
_ _ _ _ _ _ _ _ _ _ _ _ _ _ _ 
_ _ _ _ _ _ _ _ _ _ _ _ _ _ _ 
_ _ _ _ _ _ _ _ _ _ _ _ _ _ _ 
_ _ _ _ _ _ _ _ _ _ _ _ _ _ _ 
_ _ _ _ _ _ _ _ _ _ _ _ _ _ _ 
_ 1 _ _ _ _ _ _ _ _ _ _ _ _ _ 
_ _ _ _ _ _ _ _ _ _ _ _ _ _ _ 
_ _ _ _ 2 _ _ _ _ A _ _ _ _ _ 

Turn: 38
Player 1 Score: 13
Player 1 Capacity: 6
Player 2 Score: 29
Player 2 Capacity: 17
Board:
_ 3 _ 1 _ B _ _ _ _ _ _ _ _ _ 
_ _ M _ _ _ _ _ _ _ _ _ _ _ _ 
_ _ _ _ _ _ _ _ _ _ _ _ _ _ _ 
_ _ _ _ _ _ _ _ _ _ _ _ _ _ _ 
_ _ _ _ _ _ _ _ _ _ _ _ _ _ _ 
_ _ _ _ _ _ _ _ _ _ _ _ _ _ _ 
_ _ _ _ _ _ _ _ _ _ _ _ _ _ _ 
_ _ _ _ _ _ _ _ _ _ _ _ _ _ _ 
_ _ _ _ _ _ _ _ _ _ _ _ _ _ _ 
_ _ _ _ _ _ _ _ _ _ _ _ _ _ _ 
_ _ _ _ _ _ _ _ _ _ _ _ _ _ _ 
_ _ _ _ _ _ _ _ _ _ _ _ _ _ _ 
_ 1 _ _ _ _ _ _ _ _ _ _ _ _ _ 
_ _ _ _ _ _ _ _ _ _ _ _ _ _ _ 
_ _ _ _ 2 _ _ _ _ A _ _ _ _ _ 

Turn: 39
Player 1 Score: 13
Player 1 Capacity: 6
Player 2 Score: 29
Player 2 Capacity: 17
Board:
_ 3 _ 1 _ B _ _ _ _ _ _ _ _ _ 
_ _ 1 _ _ _ _ _ _ _ _ _ _ _ _ 
_ _ M _ _ _ _ _ _ _ _ _ _ _ _ 
_ _ _ _ _ _ _ _ _ _ _ _ _ _ _ 
_ _ _ _ _ _ _ _ _ _ _ _ _ _ _ 
_ _ _ _ _ _ _ _ _ _ _ _ _ _ _ 
_ _ _ _ _ _ _ _ _ _ _ _ _ _ _ 
_ _ _ _ _ _ _ _ _ _ _ _ _ _ _ 
_ _ _ _ _ _ _ _ _ _ _ _ _ _ _ 
_ _ _ _ _ _ _ _ _ _ _ _ _ _ _ 
_ _ _ _ _ _ _ _ _ _ _ _ _ _ _ 
_ _ _ _ _ _ _ _ _ _ _ _ _ _ _ 
_ 1 _ _ _ _ _ _ _ _ _ _ _ _ _ 
_ _ _ _ _ _ _ _ _ _ _ _ _ _ _ 
_ _ _ _ 2 _ _ _ A _ _ _ _ _ _ 

Turn: 40
Player 1 Score: 13
Player 1 Capacity: 6
Player 2 Score: 29
Player 2 Capacity: 17
Board:
_ 3 _ 1 B _ _ _ _ _ _ _ _ _ _ 
_ _ 1 _ _ _ _ _ _ _ _ _ _ _ _ 
_ _ M _ _ _ _ _ _ _ _ _ _ _ _ 
_ _ _ _ _ _ _ _ _ _ _ _ _ _ _ 
_ _ _ _ _ _ _ _ _ _ _ _ _ _ _ 
_ _ _ _ _ _ _ _ _ _ _ _ _ _ _ 
_ _ _ _ _ _ _ _ _ _ _ _ _ _ _ 
_ _ _ _ _ _ _ _ _ _ _ _ _ _ _ 
_ _ _ _ _ _ _ _ _ _ _ _ _ _ _ 
_ _ _ _ _ _ _ _ _ _ _ _ _ _ _ 
_ _ _ _ _ _ _ _ _ _ _ _ _ _ _ 
_ _ _ _ _ _ _ _ _ _ _ _ _ _ _ 
_ 1 _ _ _ _ _ _ _ _ _ _ _ _ _ 
_ _ _ _ _ _ _ _ _ _ _ _ _ _ _ 
_ _ _ _ 2 _ _ _ A _ _ _ _ _ _ 

Turn: 41
Player 1 Score: 13
Player 1 Capacity: 6
Player 2 Score: 29
Player 2 Capacity: 17
Board:
_ 3 _ 1 B _ _ _ _ _ _ _ _ _ _ 
_ M 1 _ _ _ _ _ _ _ _ _ _ _ _ 
_ _ 1 _ _ _ _ _ _ _ _ _ _ _ _ 
_ _ _ _ _ _ _ _ _ _ _ _ _ _ _ 
_ _ _ _ _ _ _ _ _ _ _ _ _ _ _ 
_ _ _ _ _ _ _ _ _ _ _ _ _ _ _ 
_ _ _ _ _ _ _ _ _ _ _ _ _ _ _ 
_ _ _ _ _ _ _ _ _ _ _ _ _ _ _ 
_ _ _ _ _ _ _ _ _ _ _ _ _ _ _ 
_ _ _ _ _ _ _ _ _ _ _ _ _ _ _ 
_ _ _ _ _ _ _ _ _ _ _ _ _ _ _ 
_ _ _ _ _ _ _ _ _ _ _ _ _ _ _ 
_ 1 _ _ _ _ _ _ _ _ _ _ _ _ _ 
_ _ _ _ _ _ _ _ _ _ _ _ _ _ _ 
_ _ _ _ 2 _ _ A _ _ _ _ _ _ _ 

Turn: 42
Player 1 Score: 13
Player 1 Capacity: 6
Player 2 Score: 31
Player 2 Capacity: 18
Board:
_ 3 _ B _ _ _ _ _ _ _ _ _ _ _ 
_ M 1 _ _ _ _ _ _ _ _ _ _ _ _ 
_ _ 1 _ _ _ _ _ _ _ _ _ _ _ _ 
_ _ _ _ _ _ _ _ _ _ _ _ _ _ _ 
_ _ _ _ _ _ _ _ _ _ _ _ _ _ _ 
_ _ _ _ _ _ _ _ _ _ _ _ _ _ _ 
_ _ _ _ _ _ _ _ _ _ _ _ _ _ _ 
_ _ _ _ _ _ _ _ _ _ _ _ _ _ _ 
_ _ _ _ _ _ _ _ _ _ _ _ _ _ _ 
_ _ _ _ _ _ _ _ _ _ _ _ _ _ _ 
_ _ _ _ _ _ _ _ _ _ _ _ _ _ _ 
_ _ _ _ _ _ _ _ _ _ _ _ _ _ _ 
_ 1 _ _ _ _ _ _ _ _ _ _ _ _ _ 
_ _ _ _ _ _ _ _ _ _ _ _ _ _ _ 
_ _ _ _ 2 _ _ A _ _ _ _ _ _ _ 

Turn: 43
Player 1 Score: 13
Player 1 Capacity: 6
Player 2 Score: 31
Player 2 Capacity: 18
Board:
_ 3 _ B _ _ _ _ _ _ _ _ _ _ _ 
_ M 1 _ _ _ _ _ _ _ _ _ _ _ _ 
_ _ 1 _ _ _ _ _ _ _ _ _ _ _ _ 
_ _ _ _ _ _ _ _ _ _ _ _ _ _ _ 
_ _ _ _ _ _ _ _ _ _ _ _ _ _ _ 
_ _ _ _ _ _ _ _ _ _ _ _ _ _ _ 
_ _ _ _ _ _ _ _ _ _ _ _ _ _ _ 
_ _ _ _ _ _ _ _ _ _ _ _ _ _ _ 
_ _ _ _ _ _ _ _ _ _ _ _ _ _ _ 
_ _ _ _ _ _ _ _ _ _ _ _ _ _ _ 
_ _ _ _ _ _ _ _ _ _ _ _ _ _ _ 
_ _ _ _ _ _ _ _ _ _ _ _ _ _ _ 
_ 1 _ _ _ _ _ _ _ _ _ _ _ _ _ 
_ _ _ _ _ _ _ _ _ _ _ _ _ _ _ 
_ _ _ _ 2 _ A _ _ _ _ _ _ _ _ 

Turn: 44
Player 1 Score: 13
Player 1 Capacity: 6
Player 2 Score: 33
Player 2 Capacity: 19
Board:
_ 3 _ _ _ _ _ _ _ _ _ _ _ _ _ 
_ M B _ _ _ _ _ _ _ _ _ _ _ _ 
_ _ 1 _ _ _ _ _ _ _ _ _ _ _ _ 
_ _ _ _ _ _ _ _ _ _ _ _ _ _ _ 
_ _ _ _ _ _ _ _ _ _ _ _ _ _ _ 
_ _ _ _ _ _ _ _ _ _ _ _ _ _ _ 
_ _ _ _ _ _ _ _ _ _ _ _ _ _ _ 
_ _ _ _ _ _ _ _ _ _ _ _ _ _ _ 
_ _ _ _ _ _ _ _ _ _ _ _ _ _ _ 
_ _ _ _ _ _ _ _ _ _ _ _ _ _ _ 
_ _ _ _ _ _ _ _ _ _ _ _ _ _ _ 
_ _ _ _ _ _ _ _ _ _ _ _ _ _ _ 
_ 1 _ _ _ _ _ _ _ _ _ _ _ _ _ 
_ _ _ _ _ _ _ _ _ _ _ _ _ _ _ 
_ _ _ _ 2 _ A _ _ _ _ _ _ _ _ 

Turn: 45
Player 1 Score: 13
Player 1 Capacity: 6
Player 2 Score: 33
Player 2 Capacity: 19
Board:
_ 3 _ _ _ _ _ _ _ _ _ _ _ _ _ 
_ 1 B _ _ _ _ _ _ _ _ _ _ _ _ 
M _ 1 _ _ _ _ _ _ _ _ _ _ _ _ 
_ _ _ _ _ _ _ _ _ _ _ _ _ _ _ 
_ _ _ _ _ _ _ _ _ _ _ _ _ _ _ 
_ _ _ _ _ _ _ _ _ _ _ _ _ _ _ 
_ _ _ _ _ _ _ _ _ _ _ _ _ _ _ 
_ _ _ _ _ _ _ _ _ _ _ _ _ _ _ 
_ _ _ _ _ _ _ _ _ _ _ _ _ _ _ 
_ _ _ _ _ _ _ _ _ _ _ _ _ _ _ 
_ _ _ _ _ _ _ _ _ _ _ _ _ _ _ 
_ _ _ _ _ _ _ _ _ _ _ _ _ _ _ 
_ 1 _ _ _ _ _ _ _ _ _ _ _ _ _ 
_ _ _ _ _ _ _ _ _ _ _ _ _ _ _ 
_ _ _ _ 2 A _ _ _ _ _ _ _ _ _ 

Turn: 46
Player 1 Score: 13
Player 1 Capacity: 6
Player 2 Score: 43
Player 2 Capacity: 22
Board:
_ B _ _ _ _ _ _ _ _ _ _ _ _ _ 
_ 1 _ _ _ _ _ _ _ _ _ _ _ _ _ 
M _ 1 _ _ _ _ _ _ _ _ _ _ _ _ 
_ _ _ _ _ _ _ _ _ _ _ _ _ _ _ 
_ _ _ _ _ _ _ _ _ _ _ _ _ _ _ 
_ _ _ _ _ _ _ _ _ _ _ _ _ _ _ 
_ _ _ _ _ _ _ _ _ _ _ _ _ _ _ 
_ _ _ _ _ _ _ _ _ _ _ _ _ _ _ 
_ _ _ _ _ _ _ _ _ _ _ _ _ _ _ 
_ _ _ _ _ _ _ _ _ _ _ _ _ _ _ 
_ _ _ _ _ _ _ _ _ _ _ _ _ _ _ 
_ _ _ _ _ _ _ _ _ _ _ _ _ _ _ 
_ 1 _ _ _ _ _ _ _ _ _ _ _ _ _ 
_ _ _ _ _ _ _ _ _ _ _ _ _ _ _ 
_ _ _ _ 2 A _ _ _ _ _ _ _ _ _ 

Turn: 47
Player 1 Score: 18
Player 1 Capacity: 8
Player 2 Score: 43
Player 2 Capacity: 22
Board:
_ B _ _ _ _ _ _ _ _ _ _ _ _ _ 
_ 1 _ _ _ _ _ _ _ _ _ _ _ _ _ 
1 _ 1 _ _ _ _ _ _ _ _ _ _ _ _ 
M _ _ _ _ _ _ _ _ _ _ _ _ _ _ 
_ _ _ _ _ _ _ _ _ _ _ _ _ _ _ 
_ _ _ _ _ _ _ _ _ _ _ _ _ _ _ 
_ _ _ _ _ _ _ _ _ _ _ _ _ _ _ 
_ _ _ _ _ _ _ _ _ _ _ _ _ _ _ 
_ _ _ _ _ _ _ _ _ _ _ _ _ _ _ 
_ _ _ _ _ _ _ _ _ _ _ _ _ _ _ 
_ _ _ _ _ _ _ _ _ _ _ _ _ _ _ 
_ _ _ _ _ _ _ _ _ _ _ _ _ _ _ 
_ 1 _ _ _ _ _ _ _ _ _ _ _ _ _ 
_ _ _ _ _ _ _ _ _ _ _ _ _ _ _ 
_ _ _ _ A _ _ _ _ _ _ _ _ _ _ 

Turn: 48
Player 1 Score: 18
Player 1 Capacity: 8
Player 2 Score: 45
Player 2 Capacity: 23
Board:
_ _ _ _ _ _ _ _ _ _ _ _ _ _ _ 
_ B _ _ _ _ _ _ _ _ _ _ _ _ _ 
1 _ 1 _ _ _ _ _ _ _ _ _ _ _ _ 
M _ _ _ _ _ _ _ _ _ _ _ _ _ _ 
_ _ _ _ _ _ _ _ _ _ _ _ _ _ _ 
_ _ _ _ _ _ _ _ _ _ _ _ _ _ _ 
_ _ _ _ _ _ _ _ _ _ _ _ _ _ _ 
_ _ _ _ _ _ _ _ _ _ _ _ _ _ _ 
_ _ _ _ _ _ _ _ _ _ _ _ _ _ _ 
_ _ _ _ _ _ _ _ _ _ _ _ _ _ _ 
_ _ _ _ _ _ _ _ _ _ _ _ _ _ _ 
_ _ _ _ _ _ _ _ _ _ _ _ _ _ _ 
_ 1 _ _ _ _ _ _ _ _ _ _ _ _ _ 
_ _ _ _ _ _ _ _ _ _ _ _ _ _ _ 
_ _ _ _ A _ _ _ _ _ _ _ _ _ _ 

Turn: 49
Player 1 Score: 18
Player 1 Capacity: 8
Player 2 Score: 45
Player 2 Capacity: 23
Board:
_ _ _ _ _ _ _ _ _ _ _ _ _ _ _ 
_ B _ _ _ _ _ _ _ _ _ _ _ _ _ 
1 M 1 _ _ _ _ _ _ _ _ _ _ _ _ 
1 _ _ _ _ _ _ _ _ _ _ _ _ _ _ 
_ _ _ _ _ _ _ _ _ _ _ _ _ _ _ 
_ _ _ _ _ _ _ _ _ _ _ _ _ _ _ 
_ _ _ _ _ _ _ _ _ _ _ _ _ _ _ 
_ _ _ _ _ _ _ _ _ _ _ _ _ _ _ 
_ _ _ _ _ _ _ _ _ _ _ _ _ _ _ 
_ _ _ _ _ _ _ _ _ _ _ _ _ _ _ 
_ _ _ _ _ _ _ _ _ _ _ _ _ _ _ 
_ _ _ _ _ _ _ _ _ _ _ _ _ _ _ 
_ 1 _ _ _ _ _ _ _ _ _ _ _ _ _ 
_ _ _ _ A _ _ _ _ _ _ _ _ _ _ 
_ _ _ _ _ _ _ _ _ _ _ _ _ _ _ 

Turn: 50
Player 1 Score: 18
Player 1 Capacity: 8
Player 2 Score: 47
Player 2 Capacity: 24
Board:
_ _ _ _ _ _ _ _ _ _ _ _ _ _ _ 
_ _ _ _ _ _ _ _ _ _ _ _ _ _ _ 
B M 1 _ _ _ _ _ _ _ _ _ _ _ _ 
1 _ _ _ _ _ _ _ _ _ _ _ _ _ _ 
_ _ _ _ _ _ _ _ _ _ _ _ _ _ _ 
_ _ _ _ _ _ _ _ _ _ _ _ _ _ _ 
_ _ _ _ _ _ _ _ _ _ _ _ _ _ _ 
_ _ _ _ _ _ _ _ _ _ _ _ _ _ _ 
_ _ _ _ _ _ _ _ _ _ _ _ _ _ _ 
_ _ _ _ _ _ _ _ _ _ _ _ _ _ _ 
_ _ _ _ _ _ _ _ _ _ _ _ _ _ _ 
_ _ _ _ _ _ _ _ _ _ _ _ _ _ _ 
_ 1 _ _ _ _ _ _ _ _ _ _ _ _ _ 
_ _ _ _ A _ _ _ _ _ _ _ _ _ _ 
_ _ _ _ _ _ _ _ _ _ _ _ _ _ _ 

Turn: 51
Player 1 Score: 18
Player 1 Capacity: 8
Player 2 Score: 47
Player 2 Capacity: 24
Board:
_ _ _ _ _ _ _ _ _ _ _ _ _ _ _ 
_ _ _ _ _ _ _ _ _ _ _ _ _ _ _ 
B M 1 _ _ _ _ _ _ _ _ _ _ _ _ 
1 _ _ _ _ _ _ _ _ _ _ _ _ _ _ 
_ _ _ _ _ _ _ _ _ _ _ _ _ _ _ 
_ _ _ _ _ _ _ _ _ _ _ _ _ _ _ 
_ _ _ _ _ _ _ _ _ _ _ _ _ _ _ 
_ _ _ _ _ _ _ _ _ _ _ _ _ _ _ 
_ _ _ _ _ _ _ _ _ _ _ _ _ _ _ 
_ _ _ _ _ _ _ _ _ _ _ _ _ _ _ 
_ _ _ _ _ _ _ _ _ _ _ _ _ _ _ 
_ _ _ _ _ _ _ _ _ _ _ _ _ _ _ 
_ 1 _ _ A _ _ _ _ _ _ _ _ _ _ 
_ _ _ _ _ _ _ _ _ _ _ _ _ _ _ 
_ _ _ _ _ _ _ _ _ _ _ _ _ _ _ 

Turn: 52
Player 1 Score: 18
Player 1 Capacity: 8
Player 2 Score: 49
Player 2 Capacity: 25
Board:
_ _ _ _ _ _ _ _ _ _ _ _ _ _ _ 
_ _ _ _ _ _ _ _ _ _ _ _ _ _ _ 
_ B 1 _ _ _ _ _ _ _ _ _ _ _ _ 
1 M _ _ _ _ _ _ _ _ _ _ _ _ _ 
_ _ _ _ _ _ _ _ _ _ _ _ _ _ _ 
_ _ _ _ _ _ _ _ _ _ _ _ _ _ _ 
_ _ _ _ _ _ _ _ _ _ _ _ _ _ _ 
_ _ _ _ _ _ _ _ _ _ _ _ _ _ _ 
_ _ _ _ _ _ _ _ _ _ _ _ _ _ _ 
_ _ _ _ _ _ _ _ _ _ _ _ _ _ _ 
_ _ _ _ _ _ _ _ _ _ _ _ _ _ _ 
_ _ _ _ _ _ _ _ _ _ _ _ _ _ _ 
_ 1 _ _ A _ _ _ _ _ _ _ _ _ _ 
_ _ _ _ _ _ _ _ _ _ _ _ _ _ _ 
_ _ _ _ _ _ _ _ _ _ _ _ _ _ _ 

Turn: 53
Player 1 Score: 18
Player 1 Capacity: 8
Player 2 Score: 49
Player 2 Capacity: 25
Board:
_ _ _ _ _ _ _ _ _ _ _ _ _ _ _ 
_ _ _ _ _ _ _ _ _ _ _ _ _ _ _ 
_ B 1 _ _ _ _ _ _ _ _ _ _ _ _ 
1 M _ _ _ _ _ _ _ _ _ _ _ _ _ 
_ _ _ _ _ _ _ _ _ _ _ _ _ _ _ 
_ _ _ _ _ _ _ _ _ _ _ _ _ _ _ 
_ _ _ _ _ _ _ _ _ _ _ _ _ _ _ 
_ _ _ _ _ _ _ _ _ _ _ _ _ _ _ 
_ _ _ _ _ _ _ _ _ _ _ _ _ _ _ 
_ _ _ _ _ _ _ _ _ _ _ _ _ _ _ 
_ _ _ _ _ _ _ _ _ _ _ _ _ _ _ 
_ _ _ _ _ _ _ _ _ _ _ _ _ _ _ 
_ 1 _ A _ _ _ _ _ _ _ _ _ _ _ 
_ _ _ _ _ _ _ _ _ _ _ _ _ _ _ 
_ _ _ _ _ _ _ _ _ _ _ _ _ _ _ 

Turn: 54
Player 1 Score: 18
Player 1 Capacity: 8
Player 2 Score: 51
Player 2 Capacity: 26
Board:
_ _ _ _ _ _ _ _ _ _ _ _ _ _ _ 
_ _ _ _ _ _ _ _ _ _ _ _ _ _ _ 
_ _ B _ _ _ _ _ _ _ _ _ _ _ _ 
1 1 _ _ _ _ _ _ _ _ _ _ _ _ _ 
M _ _ _ _ _ _ _ _ _ _ _ _ _ _ 
_ _ _ _ _ _ _ _ _ _ _ _ _ _ _ 
_ _ _ _ _ _ _ _ _ _ _ _ _ _ _ 
_ _ _ _ _ _ _ _ _ _ _ _ _ _ _ 
_ _ _ _ _ _ _ _ _ _ _ _ _ _ _ 
_ _ _ _ _ _ _ _ _ _ _ _ _ _ _ 
_ _ _ _ _ _ _ _ _ _ _ _ _ _ _ 
_ _ _ _ _ _ _ _ _ _ _ _ _ _ _ 
_ 1 _ A _ _ _ _ _ _ _ _ _ _ _ 
_ _ _ _ _ _ _ _ _ _ _ _ _ _ _ 
_ _ _ _ _ _ _ _ _ _ _ _ _ _ _ 

Turn: 55
Player 1 Score: 18
Player 1 Capacity: 8
Player 2 Score: 51
Player 2 Capacity: 26
Board:
_ _ _ _ _ _ _ _ _ _ _ _ _ _ _ 
_ _ _ _ _ _ _ _ _ _ _ _ _ _ _ 
_ _ B _ _ _ _ _ _ _ _ _ _ _ _ 
1 1 _ _ _ _ _ _ _ _ _ _ _ _ _ 
1 M _ _ _ _ _ _ _ _ _ _ _ _ _ 
_ _ _ _ _ _ _ _ _ _ _ _ _ _ _ 
_ _ _ _ _ _ _ _ _ _ _ _ _ _ _ 
_ _ _ _ _ _ _ _ _ _ _ _ _ _ _ 
_ _ _ _ _ _ _ _ _ _ _ _ _ _ _ 
_ _ _ _ _ _ _ _ _ _ _ _ _ _ _ 
_ _ _ _ _ _ _ _ _ _ _ _ _ _ _ 
_ _ _ _ _ _ _ _ _ _ _ _ _ _ _ 
_ 1 A _ _ _ _ _ _ _ _ _ _ _ _ 
_ _ _ _ _ _ _ _ _ _ _ _ _ _ _ 
_ _ _ _ _ _ _ _ _ _ _ _ _ _ _ 

Turn: 56
Player 1 Score: 18
Player 1 Capacity: 8
Player 2 Score: 53
Player 2 Capacity: 27
Board:
_ _ _ _ _ _ _ _ _ _ _ _ _ _ _ 
_ _ _ _ _ _ _ _ _ _ _ _ _ _ _ 
_ _ _ _ _ _ _ _ _ _ _ _ _ _ _ 
1 B _ _ _ _ _ _ _ _ _ _ _ _ _ 
1 M _ _ _ _ _ _ _ _ _ _ _ _ _ 
_ _ _ _ _ _ _ _ _ _ _ _ _ _ _ 
_ _ _ _ _ _ _ _ _ _ _ _ _ _ _ 
_ _ _ _ _ _ _ _ _ _ _ _ _ _ _ 
_ _ _ _ _ _ _ _ _ _ _ _ _ _ _ 
_ _ _ _ _ _ _ _ _ _ _ _ _ _ _ 
_ _ _ _ _ _ _ _ _ _ _ _ _ _ _ 
_ _ _ _ _ _ _ _ _ _ _ _ _ _ _ 
_ 1 A _ _ _ _ _ _ _ _ _ _ _ _ 
_ _ _ _ _ _ _ _ _ _ _ _ _ _ _ 
_ _ _ _ _ _ _ _ _ _ _ _ _ _ _ 

Turn: 57
Player 1 Score: 20
Player 1 Capacity: 9
Player 2 Score: 53
Player 2 Capacity: 27
Board:
_ _ _ _ _ _ _ _ _ _ _ _ _ _ _ 
_ _ _ _ _ _ _ _ _ _ _ _ _ _ _ 
_ _ _ _ _ _ _ _ _ _ _ _ _ _ _ 
1 B _ _ _ _ _ _ _ _ _ _ _ _ _ 
1 M _ _ _ _ _ _ _ _ _ _ _ _ _ 
_ _ _ _ _ _ _ _ _ _ _ _ _ _ _ 
_ _ _ _ _ _ _ _ _ _ _ _ _ _ _ 
_ _ _ _ _ _ _ _ _ _ _ _ _ _ _ 
_ _ _ _ _ _ _ _ _ _ _ _ _ _ _ 
_ _ _ _ _ _ _ _ _ _ _ _ _ _ _ 
_ _ _ _ _ _ _ _ _ _ _ _ _ _ _ 
_ _ _ _ _ _ _ _ _ _ _ _ _ _ _ 
_ A _ _ _ _ _ _ _ _ _ _ _ _ _ 
_ _ _ _ _ _ _ _ _ _ _ _ _ _ _ 
_ _ _ _ _ _ _ _ _ _ _ _ _ _ _ 

Turn: 58
Player 1 Score: 20
Player 1 Capacity: 9
Player 2 Score: 55
Player 2 Capacity: 28
Board:
_ _ _ _ _ _ _ _ _ _ _ _ _ _ _ 
_ _ _ _ _ _ _ _ _ _ _ _ _ _ _ 
_ _ _ _ _ _ _ _ _ _ _ _ _ _ _ 
B _ _ _ _ _ _ _ _ _ _ _ _ _ _ 
1 M _ _ _ _ _ _ _ _ _ _ _ _ _ 
_ _ _ _ _ _ _ _ _ _ _ _ _ _ _ 
_ _ _ _ _ _ _ _ _ _ _ _ _ _ _ 
_ _ _ _ _ _ _ _ _ _ _ _ _ _ _ 
_ _ _ _ _ _ _ _ _ _ _ _ _ _ _ 
_ _ _ _ _ _ _ _ _ _ _ _ _ _ _ 
_ _ _ _ _ _ _ _ _ _ _ _ _ _ _ 
_ _ _ _ _ _ _ _ _ _ _ _ _ _ _ 
_ A _ _ _ _ _ _ _ _ _ _ _ _ _ 
_ _ _ _ _ _ _ _ _ _ _ _ _ _ _ 
_ _ _ _ _ _ _ _ _ _ _ _ _ _ _ 

Turn: 59
Player 1 Score: 20
Player 1 Capacity: 9
Player 2 Score: 55
Player 2 Capacity: 28
Board:
_ _ _ _ _ _ _ _ _ _ _ _ _ _ _ 
_ _ _ _ _ _ _ _ _ _ _ _ _ _ _ 
_ _ _ _ _ _ _ _ _ _ _ _ _ _ _ 
B _ _ _ _ _ _ _ _ _ _ _ _ _ _ 
1 1 _ _ _ _ _ _ _ _ _ _ _ _ _ 
_ M _ _ _ _ _ _ _ _ _ _ _ _ _ 
_ _ _ _ _ _ _ _ _ _ _ _ _ _ _ 
_ _ _ _ _ _ _ _ _ _ _ _ _ _ _ 
_ _ _ _ _ _ _ _ _ _ _ _ _ _ _ 
_ _ _ _ _ _ _ _ _ _ _ _ _ _ _ 
_ _ _ _ _ _ _ _ _ _ _ _ _ _ _ 
_ A _ _ _ _ _ _ _ _ _ _ _ _ _ 
_ _ _ _ _ _ _ _ _ _ _ _ _ _ _ 
_ _ _ _ _ _ _ _ _ _ _ _ _ _ _ 
_ _ _ _ _ _ _ _ _ _ _ _ _ _ _ 

Turn: 60
Player 1 Score: 20
Player 1 Capacity: 9
Player 2 Score: 57
Player 2 Capacity: 29
Board:
_ _ _ _ _ _ _ _ _ _ _ _ _ _ _ 
_ _ _ _ _ _ _ _ _ _ _ _ _ _ _ 
_ _ _ _ _ _ _ _ _ _ _ _ _ _ _ 
_ _ _ _ _ _ _ _ _ _ _ _ _ _ _ 
B 1 _ _ _ _ _ _ _ _ _ _ _ _ _ 
_ M _ _ _ _ _ _ _ _ _ _ _ _ _ 
_ _ _ _ _ _ _ _ _ _ _ _ _ _ _ 
_ _ _ _ _ _ _ _ _ _ _ _ _ _ _ 
_ _ _ _ _ _ _ _ _ _ _ _ _ _ _ 
_ _ _ _ _ _ _ _ _ _ _ _ _ _ _ 
_ _ _ _ _ _ _ _ _ _ _ _ _ _ _ 
_ A _ _ _ _ _ _ _ _ _ _ _ _ _ 
_ _ _ _ _ _ _ _ _ _ _ _ _ _ _ 
_ _ _ _ _ _ _ _ _ _ _ _ _ _ _ 
_ _ _ _ _ _ _ _ _ _ _ _ _ _ _ 

Turn: 61
Player 1 Score: 20
Player 1 Capacity: 9
Player 2 Score: 57
Player 2 Capacity: 29
Board:
_ _ _ _ _ _ _ _ _ _ _ _ _ _ _ 
_ _ _ _ _ _ _ _ _ _ _ _ _ _ _ 
_ _ _ _ _ _ _ _ _ _ _ _ _ _ _ 
_ _ _ _ _ _ _ _ _ _ _ _ _ _ _ 
B 1 _ _ _ _ _ _ _ _ _ _ _ _ _ 
M 1 _ _ _ _ _ _ _ _ _ _ _ _ _ 
_ _ _ _ _ _ _ _ _ _ _ _ _ _ _ 
_ _ _ _ _ _ _ _ _ _ _ _ _ _ _ 
_ _ _ _ _ _ _ _ _ _ _ _ _ _ _ 
_ _ _ _ _ _ _ _ _ _ _ _ _ _ _ 
_ A _ _ _ _ _ _ _ _ _ _ _ _ _ 
_ _ _ _ _ _ _ _ _ _ _ _ _ _ _ 
_ _ _ _ _ _ _ _ _ _ _ _ _ _ _ 
_ _ _ _ _ _ _ _ _ _ _ _ _ _ _ 
_ _ _ _ _ _ _ _ _ _ _ _ _ _ _ 

Turn: 62
Player 1 Score: 20
Player 1 Capacity: 9
Player 2 Score: 59
Player 2 Capacity: 30
Board:
_ _ _ _ _ _ _ _ _ _ _ _ _ _ _ 
_ _ _ _ _ _ _ _ _ _ _ _ _ _ _ 
_ _ _ _ _ _ _ _ _ _ _ _ _ _ _ 
_ _ _ _ _ _ _ _ _ _ _ _ _ _ _ 
_ B _ _ _ _ _ _ _ _ _ _ _ _ _ 
M 1 _ _ _ _ _ _ _ _ _ _ _ _ _ 
_ _ _ _ _ _ _ _ _ _ _ _ _ _ _ 
_ _ _ _ _ _ _ _ _ _ _ _ _ _ _ 
_ _ _ _ _ _ _ _ _ _ _ _ _ _ _ 
_ _ _ _ _ _ _ _ _ _ _ _ _ _ _ 
_ A _ _ _ _ _ _ _ _ _ _ _ _ _ 
_ _ _ _ _ _ _ _ _ _ _ _ _ _ _ 
_ _ _ _ _ _ _ _ _ _ _ _ _ _ _ 
_ _ _ _ _ _ _ _ _ _ _ _ _ _ _ 
_ _ _ _ _ _ _ _ _ _ _ _ _ _ _ 

Turn: 63
Player 1 Score: 20
Player 1 Capacity: 9
Player 2 Score: 59
Player 2 Capacity: 30
Board:
_ _ _ _ _ _ _ _ _ _ _ _ _ _ _ 
_ _ _ _ _ _ _ _ _ _ _ _ _ _ _ 
_ _ _ _ _ _ _ _ _ _ _ _ _ _ _ 
_ _ _ _ _ _ _ _ _ _ _ _ _ _ _ 
_ B _ _ _ _ _ _ _ _ _ _ _ _ _ 
1 1 _ _ _ _ _ _ _ _ _ _ _ _ _ 
_ M _ _ _ _ _ _ _ _ _ _ _ _ _ 
_ _ _ _ _ _ _ _ _ _ _ _ _ _ _ 
_ _ _ _ _ _ _ _ _ _ _ _ _ _ _ 
_ A _ _ _ _ _ _ _ _ _ _ _ _ _ 
_ _ _ _ _ _ _ _ _ _ _ _ _ _ _ 
_ _ _ _ _ _ _ _ _ _ _ _ _ _ _ 
_ _ _ _ _ _ _ _ _ _ _ _ _ _ _ 
_ _ _ _ _ _ _ _ _ _ _ _ _ _ _ 
_ _ _ _ _ _ _ _ _ _ _ _ _ _ _ 

Turn: 64
Player 1 Score: 20
Player 1 Capacity: 9
Player 2 Score: 61
Player 2 Capacity: 31
Board:
_ _ _ _ _ _ _ _ _ _ _ _ _ _ _ 
_ _ _ _ _ _ _ _ _ _ _ _ _ _ _ 
_ _ _ _ _ _ _ _ _ _ _ _ _ _ _ 
_ _ _ _ _ _ _ _ _ _ _ _ _ _ _ 
_ _ _ _ _ _ _ _ _ _ _ _ _ _ _ 
B 1 _ _ _ _ _ _ _ _ _ _ _ _ _ 
_ M _ _ _ _ _ _ _ _ _ _ _ _ _ 
_ _ _ _ _ _ _ _ _ _ _ _ _ _ _ 
_ _ _ _ _ _ _ _ _ _ _ _ _ _ _ 
_ A _ _ _ _ _ _ _ _ _ _ _ _ _ 
_ _ _ _ _ _ _ _ _ _ _ _ _ _ _ 
_ _ _ _ _ _ _ _ _ _ _ _ _ _ _ 
_ _ _ _ _ _ _ _ _ _ _ _ _ _ _ 
_ _ _ _ _ _ _ _ _ _ _ _ _ _ _ 
_ _ _ _ _ _ _ _ _ _ _ _ _ _ _ 

Turn: 65
Player 1 Score: 20
Player 1 Capacity: 9
Player 2 Score: 61
Player 2 Capacity: 31
Board:
_ _ _ _ _ _ _ _ _ _ _ _ _ _ _ 
_ _ _ _ _ _ _ _ _ _ _ _ _ _ _ 
_ _ _ _ _ _ _ _ _ _ _ _ _ _ _ 
_ _ _ _ _ _ _ _ _ _ _ _ _ _ _ 
_ _ _ _ _ _ _ _ _ _ _ _ _ _ _ 
B 1 _ _ _ _ _ _ _ _ _ _ _ _ _ 
_ M _ _ _ _ _ _ _ _ _ _ _ _ _ 
_ _ _ _ _ _ _ _ _ _ _ _ _ _ _ 
_ A _ _ _ _ _ _ _ _ _ _ _ _ _ 
_ _ _ _ _ _ _ _ _ _ _ _ _ _ _ 
_ _ _ _ _ _ _ _ _ _ _ _ _ _ _ 
_ _ _ _ _ _ _ _ _ _ _ _ _ _ _ 
_ _ _ _ _ _ _ _ _ _ _ _ _ _ _ 
_ _ _ _ _ _ _ _ _ _ _ _ _ _ _ 
_ _ _ _ _ _ _ _ _ _ _ _ _ _ _ 

Turn: 66
Player 1 Score: 20
Player 1 Capacity: 9
Player 2 Score: 63
Player 2 Capacity: 32
Board:
_ _ _ _ _ _ _ _ _ _ _ _ _ _ _ 
_ _ _ _ _ _ _ _ _ _ _ _ _ _ _ 
_ _ _ _ _ _ _ _ _ _ _ _ _ _ _ 
_ _ _ _ _ _ _ _ _ _ _ _ _ _ _ 
_ _ _ _ _ _ _ _ _ _ _ _ _ _ _ 
_ B _ _ _ _ _ _ _ _ _ _ _ _ _ 
_ M _ _ _ _ _ _ _ _ _ _ _ _ _ 
_ _ _ _ _ _ _ _ _ _ _ _ _ _ _ 
_ A _ _ _ _ _ _ _ _ _ _ _ _ _ 
_ _ _ _ _ _ _ _ _ _ _ _ _ _ _ 
_ _ _ _ _ _ _ _ _ _ _ _ _ _ _ 
_ _ _ _ _ _ _ _ _ _ _ _ _ _ _ 
_ _ _ _ _ _ _ _ _ _ _ _ _ _ _ 
_ _ _ _ _ _ _ _ _ _ _ _ _ _ _ 
_ _ _ _ _ _ _ _ _ _ _ _ _ _ _ 

Turn: 67
Player 1 Score: 35
Player 1 Capacity: 19
Player 2 Score: 63
Player 2 Capacity: 32
Board:
_ _ _ _ _ _ _ _ _ _ _ _ _ _ _ 
_ _ _ _ _ _ _ _ _ _ _ _ _ _ _ 
_ _ _ _ _ _ _ _ _ _ _ _ _ _ _ 
_ _ _ _ _ _ _ _ _ _ _ _ _ _ _ 
_ _ _ _ _ _ _ _ _ _ _ _ _ _ _ 
_ B _ _ _ _ _ _ _ _ _ _ _ _ _ 
_ 1 _ _ _ _ _ _ _ _ _ _ _ _ _ 
_ A _ _ _ _ _ _ _ _ _ _ _ _ _ 
_ _ _ _ _ _ _ _ _ _ _ _ _ _ _ 
_ _ _ _ _ _ _ _ _ _ _ _ _ _ _ 
_ _ _ _ _ _ _ _ _ _ _ _ _ _ _ 
_ _ _ _ _ _ _ _ _ _ _ _ _ _ _ 
_ _ _ _ _ _ _ _ _ _ _ _ _ _ _ 
_ _ _ _ _ _ _ _ _ _ _ _ _ _ _ 
_ _ _ _ _ _ _ _ _ _ _ _ _ _ _ 

Turn: 68
Player 1 Score: 35
Player 1 Capacity: 19
Player 2 Score: 65
Player 2 Capacity: 33
Board:
_ _ _ _ _ _ _ _ _ _ _ _ _ _ _ 
_ _ _ _ _ _ _ _ _ _ _ _ _ _ _ 
_ _ _ _ _ _ _ _ _ _ _ _ _ _ _ 
_ _ _ _ _ _ _ _ _ _ _ _ _ _ _ 
_ _ _ _ _ _ _ _ _ _ _ _ _ _ _ 
_ _ _ _ _ _ _ _ _ _ _ _ _ _ _ 
_ B _ _ _ _ _ _ _ _ _ _ _ _ _ 
_ A _ _ _ _ _ _ _ _ _ _ _ _ _ 
_ _ _ _ _ _ _ _ _ _ _ _ _ _ _ 
_ _ _ _ _ _ _ _ _ _ _ _ _ _ _ 
_ _ _ _ _ _ _ _ _ _ _ _ _ _ _ 
_ _ _ _ _ _ _ _ _ _ _ _ _ _ _ 
_ _ _ _ _ _ _ _ _ _ _ _ _ _ _ 
_ _ _ _ _ _ _ _ _ _ _ _ _ _ _ 
_ _ _ _ _ _ _ _ _ _ _ _ _ _ _ 

